<?xml version="1.0" encoding="UTF-8"?>
<!-- Generated by org.testng.reporters.JUnitReportReporter -->
<testsuite hostname="EN1210542" failures="0" tests="1" name="MyAcademy.ExtentReports.ExtentReportDemo" time="7.450" errors="0" timestamp="2024-11-07T16:40:34 EET" skipped="0">
  <testcase classname="MyAcademy.ExtentReports.ExtentReportDemo" name="initialDemo" time="7.450"/>
</testsuite> <!-- MyAcademy.ExtentReports.ExtentReportDemo -->
